2022-06-22 16:44:31,617:INFO: device: cuda
2022-06-22 16:44:34,702:INFO: -------- training data process DONE!--------
2022-06-22 16:44:34,807:INFO: -------- test data process DONE!--------
2022-06-22 16:44:34,808:INFO: --------Process Done!--------
2022-06-22 16:46:24,048:INFO: --------Dataset Build!--------
2022-06-22 16:46:24,048:INFO: --------Get Dataloader!--------
2022-06-26 10:17:01,297:INFO: device: cuda
2022-06-26 10:17:01,297:INFO: --------Process Done!--------
2022-06-26 10:18:30,739:INFO: --------Dataset Build!--------
2022-06-26 10:18:30,739:INFO: --------Get Dataloader!--------
2022-06-26 10:18:33,775:INFO: --------Start Training!--------
2022-06-26 10:32:39,597:INFO: device: cuda
2022-06-26 10:32:39,597:INFO: --------Process Done!--------
2022-06-26 10:39:35,802:INFO: device: cuda
2022-06-26 10:39:35,802:INFO: --------Process Done!--------
2022-06-26 10:45:43,913:INFO: device: cuda
2022-06-26 10:45:43,913:INFO: --------Process Done!--------
2022-06-26 10:47:51,614:INFO: device: cuda
2022-06-26 10:47:51,614:INFO: --------Process Done!--------
2022-06-26 10:59:38,401:INFO: device: cuda
2022-06-26 10:59:38,401:INFO: --------Process Done!--------
2022-06-26 11:01:41,919:INFO: device: cuda
2022-06-26 11:01:41,919:INFO: --------Process Done!--------
2022-06-26 11:03:07,954:INFO: --------Dataset Build!--------
2022-06-26 11:03:07,954:INFO: --------Get Dataloader!--------
2022-06-26 11:03:11,045:INFO: --------Start Training!--------
2022-06-26 11:03:31,237:INFO: device: cpu
2022-06-26 11:03:31,237:INFO: --------Process Done!--------
2022-06-26 11:05:01,555:INFO: --------Dataset Build!--------
2022-06-26 11:05:01,555:INFO: --------Get Dataloader!--------
2022-06-26 11:05:02,451:INFO: --------Start Training!--------
2022-06-26 11:06:39,838:INFO: device: cpu
2022-06-26 11:06:39,838:INFO: --------Process Done!--------
2022-06-26 11:08:09,949:INFO: --------Dataset Build!--------
2022-06-26 11:08:09,949:INFO: --------Get Dataloader!--------
2022-06-26 11:08:11,417:INFO: --------Start Training!--------
2022-06-26 11:08:59,016:INFO: device: cuda
2022-06-26 11:08:59,016:INFO: --------Process Done!--------
2022-06-26 11:10:21,670:INFO: --------Dataset Build!--------
2022-06-26 11:10:21,671:INFO: --------Get Dataloader!--------
2022-06-26 11:10:26,127:INFO: --------Start Training!--------
